<?xml version="1.0" encoding="UTF-8"?>
<coverage generated="1581302595871" clover="3.2.0">
  <project timestamp="1581302595872" name="All files">
    <metrics statements="73" coveredstatements="46" conditionals="18" coveredconditionals="0" methods="13" coveredmethods="7" elements="104" coveredelements="53" complexity="0" loc="73" ncloc="73" packages="1" files="5" classes="5"/>
    <file name="FooterBar.jsx" path="/Users/yerxiong/code/yer-space/HRR43/team-leia/Media-Carousel-Service/client/components/FooterBar.jsx">
      <metrics statements="35" coveredstatements="17" conditionals="18" coveredconditionals="0" methods="4" coveredmethods="2"/>
      <line num="9" count="1" type="stmt"/>
      <line num="22" count="1" type="stmt"/>
      <line num="35" count="1" type="stmt"/>
      <line num="47" count="1" type="stmt"/>
      <line num="59" count="1" type="stmt"/>
      <line num="65" count="1" type="stmt"/>
      <line num="71" count="1" type="stmt"/>
      <line num="75" count="1" type="stmt"/>
      <line num="83" count="1" type="stmt"/>
      <line num="84" count="1" type="stmt"/>
      <line num="88" count="1" type="stmt"/>
      <line num="89" count="1" type="stmt"/>
      <line num="93" count="1" type="stmt"/>
      <line num="97" count="0" type="stmt"/>
      <line num="101" count="0" type="stmt"/>
      <line num="102" count="0" type="stmt"/>
      <line num="103" count="0" type="stmt"/>
      <line num="104" count="0" type="stmt"/>
      <line num="108" count="1" type="stmt"/>
      <line num="109" count="1" type="stmt"/>
      <line num="116" count="1" type="stmt"/>
      <line num="118" count="0" type="stmt"/>
      <line num="121" count="0" type="cond" truecount="0" falsecount="2"/>
      <line num="122" count="0" type="stmt"/>
      <line num="131" count="0" type="cond" truecount="0" falsecount="4"/>
      <line num="132" count="0" type="stmt"/>
      <line num="140" count="0" type="cond" truecount="0" falsecount="4"/>
      <line num="141" count="0" type="stmt"/>
      <line num="148" count="0" type="cond" truecount="0" falsecount="4"/>
      <line num="149" count="0" type="stmt"/>
      <line num="155" count="0" type="cond" truecount="0" falsecount="2"/>
      <line num="156" count="0" type="stmt"/>
      <line num="162" count="0" type="stmt"/>
      <line num="167" count="0" type="stmt"/>
      <line num="231" count="1" type="stmt"/>
    </file>
    <file name="InfoAboveMediaDisplay.jsx" path="/Users/yerxiong/code/yer-space/HRR43/team-leia/Media-Carousel-Service/client/components/InfoAboveMediaDisplay.jsx">
      <metrics statements="5" coveredstatements="4" conditionals="0" coveredconditionals="0" methods="1" coveredmethods="1"/>
      <line num="5" count="1" type="stmt"/>
      <line num="12" count="1" type="stmt"/>
      <line num="22" count="1" type="stmt"/>
      <line num="24" count="0" type="stmt"/>
      <line num="52" count="1" type="stmt"/>
    </file>
    <file name="InfoBelowMediaDisplay.jsx" path="/Users/yerxiong/code/yer-space/HRR43/team-leia/Media-Carousel-Service/client/components/InfoBelowMediaDisplay.jsx">
      <metrics statements="22" coveredstatements="14" conditionals="0" coveredconditionals="0" methods="6" coveredmethods="2"/>
      <line num="9" count="1" type="stmt"/>
      <line num="18" count="1" type="stmt"/>
      <line num="24" count="1" type="stmt"/>
      <line num="30" count="1" type="stmt"/>
      <line num="37" count="1" type="stmt"/>
      <line num="41" count="1" type="stmt"/>
      <line num="50" count="1" type="stmt"/>
      <line num="51" count="1" type="stmt"/>
      <line num="55" count="1" type="stmt"/>
      <line num="59" count="0" type="stmt"/>
      <line num="63" count="0" type="stmt"/>
      <line num="64" count="0" type="stmt"/>
      <line num="65" count="0" type="stmt"/>
      <line num="66" count="0" type="stmt"/>
      <line num="67" count="0" type="stmt"/>
      <line num="71" count="1" type="stmt"/>
      <line num="72" count="1" type="stmt"/>
      <line num="77" count="1" type="stmt"/>
      <line num="79" count="1" type="stmt"/>
      <line num="142" count="0" type="stmt"/>
      <line num="159" count="0" type="stmt"/>
      <line num="176" count="1" type="stmt"/>
    </file>
    <file name="MediaDisplay.jsx" path="/Users/yerxiong/code/yer-space/HRR43/team-leia/Media-Carousel-Service/client/components/MediaDisplay.jsx">
      <metrics statements="3" coveredstatements="3" conditionals="0" coveredconditionals="0" methods="1" coveredmethods="1"/>
      <line num="9" count="1" type="stmt"/>
      <line num="17" count="1" type="stmt"/>
      <line num="56" count="1" type="stmt"/>
    </file>
    <file name="NavBar.jsx" path="/Users/yerxiong/code/yer-space/HRR43/team-leia/Media-Carousel-Service/client/components/NavBar.jsx">
      <metrics statements="8" coveredstatements="8" conditionals="0" coveredconditionals="0" methods="1" coveredmethods="1"/>
      <line num="6" count="1" type="stmt"/>
      <line num="18" count="1" type="stmt"/>
      <line num="25" count="1" type="stmt"/>
      <line num="29" count="1" type="stmt"/>
      <line num="36" count="1" type="stmt"/>
      <line num="42" count="1" type="stmt"/>
      <line num="53" count="1" type="stmt"/>
      <line num="61" count="1" type="stmt"/>
    </file>
  </project>
</coverage>
