{"/Users/yerxiong/code/yer-space/HRR43/team-leia/Media-Carousel-Service/client/components/FooterBar.jsx": {"path":"/Users/yerxiong/code/yer-space/HRR43/team-leia/Media-Carousel-Service/client/components/FooterBar.jsx","statementMap":{"0":{"start":{"line":9,"column":20},"end":{"line":20,"column":1}},"1":{"start":{"line":22,"column":21},"end":{"line":33,"column":1}},"2":{"start":{"line":35,"column":19},"end":{"line":45,"column":1}},"3":{"start":{"line":47,"column":20},"end":{"line":57,"column":1}},"4":{"start":{"line":59,"column":23},"end":{"line":63,"column":1}},"5":{"start":{"line":65,"column":16},"end":{"line":69,"column":1}},"6":{"start":{"line":71,"column":18},"end":{"line":73,"column":1}},"7":{"start":{"line":75,"column":18},"end":{"line":81,"column":1}},"8":{"start":{"line":83,"column":21},"end":{"line":83,"column":33}},"9":{"start":{"line":84,"column":26},"end":{"line":84,"column":38}},"10":{"start":{"line":88,"column":4},"end":{"line":88,"column":17}},"11":{"start":{"line":89,"column":4},"end":{"line":91,"column":6}},"12":{"start":{"line":93,"column":4},"end":{"line":93,"column":63}},"13":{"start":{"line":97,"column":19},"end":{"line":97,"column":79}},"14":{"start":{"line":98,"column":4},"end":{"line":98,"column":53}},"15":{"start":{"line":99,"column":4},"end":{"line":99,"column":69}},"16":{"start":{"line":103,"column":4},"end":{"line":103,"column":62}},"17":{"start":{"line":107,"column":23},"end":{"line":107,"column":48}},"18":{"start":{"line":109,"column":21},"end":{"line":109,"column":56}},"19":{"start":{"line":112,"column":4},"end":{"line":156,"column":5}},"20":{"start":{"line":113,"column":6},"end":{"line":121,"column":8}},"21":{"start":{"line":122,"column":11},"end":{"line":156,"column":5}},"22":{"start":{"line":123,"column":6},"end":{"line":130,"column":8}},"23":{"start":{"line":131,"column":11},"end":{"line":156,"column":5}},"24":{"start":{"line":132,"column":6},"end":{"line":138,"column":8}},"25":{"start":{"line":139,"column":11},"end":{"line":156,"column":5}},"26":{"start":{"line":140,"column":6},"end":{"line":145,"column":8}},"27":{"start":{"line":146,"column":11},"end":{"line":156,"column":5}},"28":{"start":{"line":147,"column":6},"end":{"line":151,"column":8}},"29":{"start":{"line":153,"column":6},"end":{"line":155,"column":8}},"30":{"start":{"line":158,"column":4},"end":{"line":218,"column":6}}},"fnMap":{"0":{"name":"(anonymous_0)","decl":{"start":{"line":87,"column":2},"end":{"line":87,"column":3}},"loc":{"start":{"line":87,"column":21},"end":{"line":94,"column":3}},"line":87},"1":{"name":"(anonymous_1)","decl":{"start":{"line":96,"column":2},"end":{"line":96,"column":3}},"loc":{"start":{"line":96,"column":23},"end":{"line":100,"column":3}},"line":96},"2":{"name":"(anonymous_2)","decl":{"start":{"line":102,"column":2},"end":{"line":102,"column":3}},"loc":{"start":{"line":102,"column":22},"end":{"line":104,"column":3}},"line":102},"3":{"name":"(anonymous_3)","decl":{"start":{"line":106,"column":2},"end":{"line":106,"column":3}},"loc":{"start":{"line":106,"column":11},"end":{"line":219,"column":3}},"line":106}},"branchMap":{"0":{"loc":{"start":{"line":112,"column":4},"end":{"line":156,"column":5}},"type":"if","locations":[{"start":{"line":112,"column":4},"end":{"line":156,"column":5}},{"start":{"line":112,"column":4},"end":{"line":156,"column":5}}],"line":112},"1":{"loc":{"start":{"line":122,"column":11},"end":{"line":156,"column":5}},"type":"if","locations":[{"start":{"line":122,"column":11},"end":{"line":156,"column":5}},{"start":{"line":122,"column":11},"end":{"line":156,"column":5}}],"line":122},"2":{"loc":{"start":{"line":131,"column":11},"end":{"line":156,"column":5}},"type":"if","locations":[{"start":{"line":131,"column":11},"end":{"line":156,"column":5}},{"start":{"line":131,"column":11},"end":{"line":156,"column":5}}],"line":131},"3":{"loc":{"start":{"line":139,"column":11},"end":{"line":156,"column":5}},"type":"if","locations":[{"start":{"line":139,"column":11},"end":{"line":156,"column":5}},{"start":{"line":139,"column":11},"end":{"line":156,"column":5}}],"line":139},"4":{"loc":{"start":{"line":146,"column":11},"end":{"line":156,"column":5}},"type":"if","locations":[{"start":{"line":146,"column":11},"end":{"line":156,"column":5}},{"start":{"line":146,"column":11},"end":{"line":156,"column":5}}],"line":146},"5":{"loc":{"start":{"line":160,"column":9},"end":{"line":216,"column":9}},"type":"cond-expr","locations":[{"start":{"line":161,"column":10},"end":{"line":187,"column":24}},{"start":{"line":189,"column":10},"end":{"line":215,"column":25}}],"line":160}},"s":{"0":1,"1":1,"2":1,"3":1,"4":1,"5":1,"6":1,"7":1,"8":1,"9":1,"10":1,"11":1,"12":1,"13":0,"14":0,"15":0,"16":0,"17":1,"18":1,"19":0,"20":0,"21":0,"22":0,"23":0,"24":0,"25":0,"26":0,"27":0,"28":0,"29":0,"30":0},"f":{"0":1,"1":0,"2":0,"3":1},"b":{"0":[0,0],"1":[0,0],"2":[0,0],"3":[0,0],"4":[0,0],"5":[0,0]},"_coverageSchema":"1a1c01bbd47fc00a2c39e90264f33305004495a9","hash":"5098622875d3c7db07812ae8b89e9b0917a9c057"}
,"/Users/yerxiong/code/yer-space/HRR43/team-leia/Media-Carousel-Service/client/components/InfoAboveMediaDisplay.jsx": {"path":"/Users/yerxiong/code/yer-space/HRR43/team-leia/Media-Carousel-Service/client/components/InfoAboveMediaDisplay.jsx","statementMap":{"0":{"start":{"line":4,"column":16},"end":{"line":9,"column":1}},"1":{"start":{"line":11,"column":20},"end":{"line":14,"column":1}},"2":{"start":{"line":17,"column":2},"end":{"line":42,"column":4}}},"fnMap":{"0":{"name":"InfoAboveMediaDisplay","decl":{"start":{"line":16,"column":9},"end":{"line":16,"column":30}},"loc":{"start":{"line":16,"column":38},"end":{"line":43,"column":1}},"line":16}},"branchMap":{},"s":{"0":1,"1":1,"2":1},"f":{"0":1},"b":{},"_coverageSchema":"1a1c01bbd47fc00a2c39e90264f33305004495a9","hash":"41c5c838951407fff106bf744784f236700054ab"}
,"/Users/yerxiong/code/yer-space/HRR43/team-leia/Media-Carousel-Service/client/components/InfoBelowMediaDisplay.jsx": {"path":"/Users/yerxiong/code/yer-space/HRR43/team-leia/Media-Carousel-Service/client/components/InfoBelowMediaDisplay.jsx","statementMap":{"0":{"start":{"line":9,"column":16},"end":{"line":16,"column":1}},"1":{"start":{"line":18,"column":17},"end":{"line":22,"column":1}},"2":{"start":{"line":24,"column":18},"end":{"line":28,"column":1}},"3":{"start":{"line":30,"column":19},"end":{"line":35,"column":1}},"4":{"start":{"line":37,"column":24},"end":{"line":39,"column":1}},"5":{"start":{"line":41,"column":21},"end":{"line":46,"column":1}},"6":{"start":{"line":50,"column":4},"end":{"line":50,"column":17}},"7":{"start":{"line":51,"column":4},"end":{"line":53,"column":6}},"8":{"start":{"line":55,"column":4},"end":{"line":55,"column":63}},"9":{"start":{"line":59,"column":4},"end":{"line":59,"column":62}},"10":{"start":{"line":63,"column":19},"end":{"line":63,"column":85}},"11":{"start":{"line":64,"column":4},"end":{"line":64,"column":59}},"12":{"start":{"line":65,"column":4},"end":{"line":65,"column":69}},"13":{"start":{"line":69,"column":26},"end":{"line":69,"column":36}},"14":{"start":{"line":70,"column":25},"end":{"line":70,"column":35}},"15":{"start":{"line":72,"column":4},"end":{"line":165,"column":6}},"16":{"start":{"line":136,"column":22},"end":{"line":139,"column":28}},"17":{"start":{"line":153,"column":22},"end":{"line":156,"column":28}}},"fnMap":{"0":{"name":"(anonymous_0)","decl":{"start":{"line":49,"column":2},"end":{"line":49,"column":3}},"loc":{"start":{"line":49,"column":21},"end":{"line":56,"column":3}},"line":49},"1":{"name":"(anonymous_1)","decl":{"start":{"line":58,"column":2},"end":{"line":58,"column":3}},"loc":{"start":{"line":58,"column":22},"end":{"line":60,"column":3}},"line":58},"2":{"name":"(anonymous_2)","decl":{"start":{"line":62,"column":2},"end":{"line":62,"column":3}},"loc":{"start":{"line":62,"column":23},"end":{"line":66,"column":3}},"line":62},"3":{"name":"(anonymous_3)","decl":{"start":{"line":68,"column":2},"end":{"line":68,"column":3}},"loc":{"start":{"line":68,"column":11},"end":{"line":166,"column":3}},"line":68},"4":{"name":"(anonymous_4)","decl":{"start":{"line":135,"column":34},"end":{"line":135,"column":35}},"loc":{"start":{"line":136,"column":22},"end":{"line":139,"column":28}},"line":136},"5":{"name":"(anonymous_5)","decl":{"start":{"line":152,"column":35},"end":{"line":152,"column":36}},"loc":{"start":{"line":153,"column":22},"end":{"line":156,"column":28}},"line":153}},"branchMap":{},"s":{"0":1,"1":1,"2":1,"3":1,"4":1,"5":1,"6":1,"7":1,"8":1,"9":0,"10":0,"11":0,"12":0,"13":1,"14":1,"15":1,"16":0,"17":0},"f":{"0":1,"1":0,"2":0,"3":1,"4":0,"5":0},"b":{},"_coverageSchema":"1a1c01bbd47fc00a2c39e90264f33305004495a9","hash":"0d57066bf539e6e1f5dd7b313ceb8d5e167d034e"}
,"/Users/yerxiong/code/yer-space/HRR43/team-leia/Media-Carousel-Service/client/components/MediaDisplay.jsx": {"path":"/Users/yerxiong/code/yer-space/HRR43/team-leia/Media-Carousel-Service/client/components/MediaDisplay.jsx","statementMap":{"0":{"start":{"line":9,"column":16},"end":{"line":14,"column":1}},"1":{"start":{"line":17,"column":2},"end":{"line":53,"column":4}},"2":{"start":{"line":56,"column":0},"end":{"line":58,"column":2}}},"fnMap":{"0":{"name":"MediaDisplay","decl":{"start":{"line":16,"column":9},"end":{"line":16,"column":21}},"loc":{"start":{"line":16,"column":34},"end":{"line":54,"column":1}},"line":16}},"branchMap":{},"s":{"0":1,"1":1,"2":1},"f":{"0":1},"b":{},"_coverageSchema":"1a1c01bbd47fc00a2c39e90264f33305004495a9","hash":"1808f9c3c2c8fc206ad5b9b2b683c43ce2a09de2"}
,"/Users/yerxiong/code/yer-space/HRR43/team-leia/Media-Carousel-Service/client/components/NavBar.jsx": {"path":"/Users/yerxiong/code/yer-space/HRR43/team-leia/Media-Carousel-Service/client/components/NavBar.jsx","statementMap":{"0":{"start":{"line":6,"column":16},"end":{"line":15,"column":1}},"1":{"start":{"line":18,"column":22},"end":{"line":23,"column":1}},"2":{"start":{"line":25,"column":19},"end":{"line":27,"column":1}},"3":{"start":{"line":29,"column":18},"end":{"line":34,"column":1}},"4":{"start":{"line":36,"column":20},"end":{"line":40,"column":1}},"5":{"start":{"line":42,"column":17},"end":{"line":50,"column":1}},"6":{"start":{"line":52,"column":15},"end":{"line":57,"column":1}},"7":{"start":{"line":60,"column":2},"end":{"line":79,"column":4}}},"fnMap":{"0":{"name":"NavBar","decl":{"start":{"line":59,"column":9},"end":{"line":59,"column":15}},"loc":{"start":{"line":59,"column":18},"end":{"line":80,"column":1}},"line":59}},"branchMap":{},"s":{"0":1,"1":1,"2":1,"3":1,"4":1,"5":1,"6":1,"7":1},"f":{"0":1},"b":{},"_coverageSchema":"1a1c01bbd47fc00a2c39e90264f33305004495a9","hash":"09a8244b408cdf1b0131103eca4cdbf9098e9809"}
}
