{"/Users/yerxiong/code/yer-space/HRR43/team-leia/Media-Carousel-Service/client/components/InfoAboveMediaDisplay.jsx": {"path":"/Users/yerxiong/code/yer-space/HRR43/team-leia/Media-Carousel-Service/client/components/InfoAboveMediaDisplay.jsx","statementMap":{"0":{"start":{"line":4,"column":16},"end":{"line":8,"column":1}},"1":{"start":{"line":10,"column":32},"end":{"line":16,"column":1}},"2":{"start":{"line":19,"column":42},"end":{"line":19,"column":75}},"3":{"start":{"line":26,"column":2},"end":{"line":54,"column":3}}},"fnMap":{"0":{"name":"InfoAboveMediaDisplay","decl":{"start":{"line":18,"column":9},"end":{"line":18,"column":30}},"loc":{"start":{"line":18,"column":34},"end":{"line":56,"column":1}},"line":18}},"branchMap":{},"s":{"0":1,"1":1,"2":1,"3":1},"f":{"0":1},"b":{},"_coverageSchema":"1a1c01bbd47fc00a2c39e90264f33305004495a9","hash":"a2a97225ea0decc0cc1f607ed08b6003a1920adc"}
,"/Users/yerxiong/code/yer-space/HRR43/team-leia/Media-Carousel-Service/client/components/InfoBelowMediaDisplay.jsx": {"path":"/Users/yerxiong/code/yer-space/HRR43/team-leia/Media-Carousel-Service/client/components/InfoBelowMediaDisplay.jsx","statementMap":{"0":{"start":{"line":4,"column":16},"end":{"line":8,"column":1}},"1":{"start":{"line":13,"column":2},"end":{"line":71,"column":3}}},"fnMap":{"0":{"name":"InfoBelowMediaDisplay","decl":{"start":{"line":10,"column":9},"end":{"line":10,"column":30}},"loc":{"start":{"line":10,"column":34},"end":{"line":73,"column":1}},"line":10}},"branchMap":{},"s":{"0":1,"1":1},"f":{"0":1},"b":{},"_coverageSchema":"1a1c01bbd47fc00a2c39e90264f33305004495a9","hash":"5d10a3b60d525ec29d933f35f20dc42fe121175c"}
,"/Users/yerxiong/code/yer-space/HRR43/team-leia/Media-Carousel-Service/client/components/MediaDisplay.jsx": {"path":"/Users/yerxiong/code/yer-space/HRR43/team-leia/Media-Carousel-Service/client/components/MediaDisplay.jsx","statementMap":{"0":{"start":{"line":7,"column":4},"end":{"line":7,"column":12}},"1":{"start":{"line":11,"column":4},"end":{"line":33,"column":5}}},"fnMap":{"0":{"name":"(anonymous_0)","decl":{"start":{"line":6,"column":2},"end":{"line":6,"column":3}},"loc":{"start":{"line":6,"column":16},"end":{"line":8,"column":3}},"line":6},"1":{"name":"(anonymous_1)","decl":{"start":{"line":10,"column":2},"end":{"line":10,"column":3}},"loc":{"start":{"line":10,"column":11},"end":{"line":34,"column":3}},"line":10}},"branchMap":{},"s":{"0":2,"1":2},"f":{"0":2,"1":2},"b":{},"_coverageSchema":"1a1c01bbd47fc00a2c39e90264f33305004495a9","hash":"64df28ca1d95e19e1d8ae732c123679f39277057"}
}
