TN:
SF:client/components/InfoAboveMediaDisplay.jsx
FN:18,InfoAboveMediaDisplay
FNF:1
FNH:1
FNDA:1,InfoAboveMediaDisplay
DA:4,1
DA:10,1
DA:19,1
DA:26,1
LF:4
LH:4
BRF:0
BRH:0
end_of_record
TN:
SF:client/components/InfoBelowMediaDisplay.jsx
FN:10,InfoBelowMediaDisplay
FNF:1
FNH:1
FNDA:1,InfoBelowMediaDisplay
DA:4,1
DA:13,1
LF:2
LH:2
BRF:0
BRH:0
end_of_record
TN:
SF:client/components/MediaDisplay.jsx
FN:6,(anonymous_0)
FN:10,(anonymous_1)
FNF:2
FNH:2
FNDA:2,(anonymous_0)
FNDA:2,(anonymous_1)
DA:7,2
DA:11,2
LF:2
LH:2
BRF:0
BRH:0
end_of_record
