TN:
SF:client/components/FooterBar.jsx
FN:87,(anonymous_0)
FN:96,(anonymous_1)
FN:102,(anonymous_2)
FN:106,(anonymous_3)
FNF:4
FNH:2
FNDA:1,(anonymous_0)
FNDA:0,(anonymous_1)
FNDA:0,(anonymous_2)
FNDA:1,(anonymous_3)
DA:9,1
DA:22,1
DA:35,1
DA:47,1
DA:59,1
DA:65,1
DA:71,1
DA:75,1
DA:83,1
DA:84,1
DA:88,1
DA:89,1
DA:93,1
DA:97,0
DA:98,0
DA:99,0
DA:103,0
DA:107,1
DA:109,1
DA:112,0
DA:113,0
DA:122,0
DA:123,0
DA:131,0
DA:132,0
DA:139,0
DA:140,0
DA:146,0
DA:147,0
DA:153,0
DA:158,0
LF:31
LH:15
BRDA:112,0,0,0
BRDA:112,0,1,0
BRDA:122,1,0,0
BRDA:122,1,1,0
BRDA:131,2,0,0
BRDA:131,2,1,0
BRDA:139,3,0,0
BRDA:139,3,1,0
BRDA:146,4,0,0
BRDA:146,4,1,0
BRDA:160,5,0,0
BRDA:160,5,1,0
BRF:12
BRH:0
end_of_record
TN:
SF:client/components/InfoAboveMediaDisplay.jsx
FN:16,InfoAboveMediaDisplay
FNF:1
FNH:1
FNDA:1,InfoAboveMediaDisplay
DA:4,1
DA:11,1
DA:17,1
LF:3
LH:3
BRF:0
BRH:0
end_of_record
TN:
SF:client/components/InfoBelowMediaDisplay.jsx
FN:49,(anonymous_0)
FN:58,(anonymous_1)
FN:62,(anonymous_2)
FN:68,(anonymous_3)
FN:135,(anonymous_4)
FN:152,(anonymous_5)
FNF:6
FNH:2
FNDA:1,(anonymous_0)
FNDA:0,(anonymous_1)
FNDA:0,(anonymous_2)
FNDA:1,(anonymous_3)
FNDA:0,(anonymous_4)
FNDA:0,(anonymous_5)
DA:9,1
DA:18,1
DA:24,1
DA:30,1
DA:37,1
DA:41,1
DA:50,1
DA:51,1
DA:55,1
DA:59,0
DA:63,0
DA:64,0
DA:65,0
DA:69,1
DA:70,1
DA:72,1
DA:136,0
DA:153,0
LF:18
LH:12
BRF:0
BRH:0
end_of_record
TN:
SF:client/components/MediaDisplay.jsx
FN:16,MediaDisplay
FNF:1
FNH:1
FNDA:1,MediaDisplay
DA:9,1
DA:17,1
DA:56,1
LF:3
LH:3
BRF:0
BRH:0
end_of_record
TN:
SF:client/components/NavBar.jsx
FN:59,NavBar
FNF:1
FNH:1
FNDA:1,NavBar
DA:6,1
DA:18,1
DA:25,1
DA:29,1
DA:36,1
DA:42,1
DA:52,1
DA:60,1
LF:8
LH:8
BRF:0
BRH:0
end_of_record
